<?xml version="1.0" encoding="UTF-8"?>
<!-- Generated by org.testng.reporters.JUnitXMLReporter -->
<testsuite hostname="Home" ignored="1" name="EndtoEndTest" tests="3" failures="0" timestamp="02 Jun 2018 04:31:10 GMT" time="0.188" errors="0">
  <testcase name="@BeforeMethod login" time="0.0" classname="wdMethods.ProjectMethods">
    <failure type="org.testng.TestNGException" message="
Parameter &amp;apos;url&amp;apos; is required by BeforeMethod on method login but has not been marked @Optional or defined
in F:\Test Leaf\selenium\testng_groups.xml">
      <![CDATA[org.testng.TestNGException: 
Parameter 'url' is required by BeforeMethod on method login but has not been marked @Optional or defined
in F:\Test Leaf\selenium\testng_groups.xml
... Removed 25 stack frames]]>
    </failure>
  </testcase> <!-- @BeforeMethod login -->
  <testcase name="@AfterMethod logout" time="0.0" classname="wdMethods.ProjectMethods">
    <skipped/>
  </testcase> <!-- @AfterMethod logout -->
  <testcase name="@BeforeMethod login" time="0.0" classname="wdMethods.ProjectMethods">
    <failure type="org.testng.TestNGException" message="
Parameter &amp;apos;url&amp;apos; is required by BeforeMethod on method login but has not been marked @Optional or defined
in F:\Test Leaf\selenium\testng_groups.xml">
      <![CDATA[org.testng.TestNGException: 
Parameter 'url' is required by BeforeMethod on method login but has not been marked @Optional or defined
in F:\Test Leaf\selenium\testng_groups.xml
... Removed 25 stack frames]]>
    </failure>
  </testcase> <!-- @BeforeMethod login -->
  <testcase name="@AfterMethod logout" time="0.0" classname="wdMethods.ProjectMethods">
    <skipped/>
  </testcase> <!-- @AfterMethod logout -->
  <testcase name="@BeforeMethod login" time="0.0" classname="wdMethods.ProjectMethods">
    <failure type="org.testng.TestNGException" message="
Parameter &amp;apos;url&amp;apos; is required by BeforeMethod on method login but has not been marked @Optional or defined
in F:\Test Leaf\selenium\testng_groups.xml">
      <![CDATA[org.testng.TestNGException: 
Parameter 'url' is required by BeforeMethod on method login but has not been marked @Optional or defined
in F:\Test Leaf\selenium\testng_groups.xml
... Removed 25 stack frames]]>
    </failure>
  </testcase> <!-- @BeforeMethod login -->
  <testcase name="@AfterMethod logout" time="0.0" classname="wdMethods.ProjectMethods">
    <skipped/>
  </testcase> <!-- @AfterMethod logout -->
  <testcase name="duplicateLead" time="0.0" classname="testNG.DublicateLead">
    <skipped/>
  </testcase> <!-- duplicateLead -->
  <testcase name="deleteLead" time="0.0" classname="testNG.DeleteLead">
    <skipped/>
  </testcase> <!-- deleteLead -->
  <testcase name="editlead" time="0.0" classname="testNG.EditLead">
    <skipped/>
  </testcase> <!-- editlead -->
  <testcase name="createLead" time="0.0" classname="testNG.CreateLead">
    <ignored/>
  </testcase> <!-- createLead -->
</testsuite> <!-- EndtoEndTest -->
